Arguments: 
  C:\Program Files\nodejs\node.exe C:\Program Files (x86)\Yarn\bin\yarn.js

PATH: 
  C:\Windows\system32;C:\Windows;C:\Windows\System32\Wbem;C:\Windows\System32\WindowsPowerShell\v1.0\;C:\Windows\System32\OpenSSH\;C:\Program Files (x86)\NVIDIA Corporation\PhysX\Common;C:\Program Files\NVIDIA Corporation\NVIDIA NvDLISR;C:\Program Files (x86)\Intel\Intel(R) Management Engine Components\DAL;C:\Program Files\Intel\Intel(R) Management Engine Components\DAL;C:\ProgramData\chocolatey\bin;C:\Program Files (x86)\Yarn\bin\;C:\Program Files\Docker\Docker\resources\bin;C:\ProgramData\DockerDesktop\version-bin;C:\Program Files\nodejs\;C:\WINDOWS\system32;C:\WINDOWS;C:\WINDOWS\System32\Wbem;C:\WINDOWS\System32\WindowsPowerShell\v1.0\;C:\WINDOWS\System32\OpenSSH\;C:\Program Files\PuTTY\;C:\Users\diogo.araujo\AppData\Local\Microsoft\WindowsApps;C:\Users\diogo.araujo\AppData\Local\Programs\Git\cmd;C:\Users\diogo.araujo\AppData\Local\Programs\Microsoft VS Code\bin;C:\Users\diogo.araujo\AppData\Local\Yarn\bin;C:\Program Files\JetBrains\PyCharm Community Edition with Anaconda plugin 2019.3.4\bin;;C:\Users\diogo.araujo\AppData\Roaming\npm;

Yarn version: 
  1.22.0

Node version: 
  12.18.2

Platform: 
  win32 x64

Trace: 
  Error: https://registry.yarnpkg.com/@ant-design/icons-svg/-/icons-svg-4.1.0.tgz: ESOCKETTIMEDOUT
      at ClientRequest.<anonymous> (C:\Program Files (x86)\Yarn\lib\cli.js:141354:19)
      at Object.onceWrapper (events.js:421:28)
      at ClientRequest.emit (events.js:315:20)
      at TLSSocket.emitRequestTimeout (_http_client.js:709:9)
      at Object.onceWrapper (events.js:421:28)
      at TLSSocket.emit (events.js:327:22)
      at TLSSocket.Socket._onTimeout (net.js:481:8)
      at listOnTimeout (internal/timers.js:549:17)
      at processTimers (internal/timers.js:492:7)

npm manifest: 
  {
    "name": "gatsby-starter-default",
    "private": true,
    "description": "A simple starter to get up and developing quickly with Gatsby",
    "version": "0.1.0",
    "author": "Kyle Mathews <mathews.kyle@gmail.com>",
    "dependencies": {
      "antd": "^4.4.1",
      "axios": "^0.21.0",
      "gatsby": "^2.25.3",
      "gatsby-image": "^2.4.13",
      "gatsby-plugin-antd": "^2.2.0",
      "gatsby-plugin-layout": "^1.3.13",
      "gatsby-plugin-less": "^4.0.2",
      "gatsby-plugin-manifest": "^2.4.18",
      "gatsby-plugin-offline": "^3.2.17",
      "gatsby-plugin-react-helmet": "^3.3.10",
      "gatsby-plugin-sharp": "^2.7.1",
      "gatsby-source-filesystem": "^2.3.19",
      "gatsby-transformer-sharp": "^2.5.11",
      "less": "^3.11.3",
      "less-to-json": "^1.2.0",
      "prop-types": "^15.7.2",
      "react": "^16.12.0",
      "react-dom": "^16.12.0",
      "react-helmet": "^6.1.0",
      "react-spring": "^8.0.27",
      "react-typography": "^0.16.19"
    },
    "devDependencies": {
      "eslint": "^7.12.1",
      "eslint-config-airbnb": "^18.2.0",
      "eslint-loader": "^4.0.2",
      "eslint-plugin-import": "^2.22.1",
      "eslint-plugin-jsx-a11y": "^6.4.1",
      "eslint-plugin-react": "^7.21.5",
      "gatsby-plugin-eslint": "^2.0.8",
      "gatsby-plugin-eslint-v2": "^2.0.0-beta.0",
      "prettier": "2.1.2"
    },
    "keywords": [
      "gatsby"
    ],
    "license": "MIT",
    "scripts": {
      "build": "gatsby build",
      "develop": "gatsby develop",
      "format": "prettier --write \"**/*.{js,jsx,json,md}\"",
      "start": "npm run develop",
      "serve": "gatsby serve",
      "clean": "gatsby clean",
      "test": "echo \"Write tests! -> https://gatsby.dev/unit-testing\" && exit 1"
    },
    "repository": {
      "type": "git",
      "url": "https://github.com/gatsbyjs/gatsby-starter-default"
    },
    "bugs": {
      "url": "https://github.com/gatsbyjs/gatsby/issues"
    }
  }

yarn manifest: 
  No manifest

Lockfile: 
  No lockfile
